0 info it worked if it ends with ok
1 verbose cli [ '/Users/rebekahapelt/.nvm/versions/node/v7.6.0/bin/node',
1 verbose cli   '/Users/rebekahapelt/.nvm/versions/node/v7.6.0/bin/npm',
1 verbose cli   'run',
1 verbose cli   'run' ]
2 info using npm@4.1.2
3 info using node@v7.6.0
4 verbose stack Error: missing script: run
4 verbose stack     at run (/Users/rebekahapelt/.nvm/versions/node/v7.6.0/lib/node_modules/npm/lib/run-script.js:151:19)
4 verbose stack     at /Users/rebekahapelt/.nvm/versions/node/v7.6.0/lib/node_modules/npm/lib/run-script.js:61:5
4 verbose stack     at /Users/rebekahapelt/.nvm/versions/node/v7.6.0/lib/node_modules/npm/node_modules/read-package-json/read-json.js:356:5
4 verbose stack     at checkBinReferences_ (/Users/rebekahapelt/.nvm/versions/node/v7.6.0/lib/node_modules/npm/node_modules/read-package-json/read-json.js:320:45)
4 verbose stack     at final (/Users/rebekahapelt/.nvm/versions/node/v7.6.0/lib/node_modules/npm/node_modules/read-package-json/read-json.js:354:3)
4 verbose stack     at then (/Users/rebekahapelt/.nvm/versions/node/v7.6.0/lib/node_modules/npm/node_modules/read-package-json/read-json.js:124:5)
4 verbose stack     at /Users/rebekahapelt/.nvm/versions/node/v7.6.0/lib/node_modules/npm/node_modules/read-package-json/read-json.js:311:12
4 verbose stack     at /Users/rebekahapelt/.nvm/versions/node/v7.6.0/lib/node_modules/npm/node_modules/graceful-fs/graceful-fs.js:78:16
4 verbose stack     at tryToString (fs.js:447:3)
4 verbose stack     at FSReqWrap.readFileAfterClose [as oncomplete] (fs.js:434:12)
5 verbose cwd /Users/rebekahapelt/Projects/hapkido-api-node
6 error Darwin 16.6.0
7 error argv "/Users/rebekahapelt/.nvm/versions/node/v7.6.0/bin/node" "/Users/rebekahapelt/.nvm/versions/node/v7.6.0/bin/npm" "run" "run"
8 error node v7.6.0
9 error npm  v4.1.2
10 error missing script: run
11 error If you need help, you may report this error at:
11 error     <https://github.com/npm/npm/issues>
12 verbose exit [ 1, true ]
